build/app/intermediates/manifest_merge_blame_file/debug/manifest-merger-blame-debug-report.txt
1<?xml version="1.0" encoding="utf-8"?>
2<manifest xmlns:android="http://schemas.android.com/apk/res/android"
3    package="com.example.ecommerce_major_project"
4    android:versionCode="1"
5    android:versionName="1.0.0" >
6
7    <uses-sdk
8        android:minSdkVersion="21"
9        android:targetSdkVersion="33" />
10    <!--
11         The INTERNET permission is required for development. Specifically,
12         the Flutter tool needs it to communicate with the running application
13         to allow setting breakpoints, to provide hot reload, etc.
14    -->
15    <uses-permission android:name="android.permission.INTERNET" />
15-->src\main\AndroidManifest.xml:4:5-66
15-->src\main\AndroidManifest.xml:4:22-64
16    <uses-permission android:name="android.permission.RECORD_AUDIO" />
16-->src\main\AndroidManifest.xml:3:5-70
16-->src\main\AndroidManifest.xml:3:22-68
17    <uses-permission android:name="android.permission.BLUETOOTH" />
17-->src\main\AndroidManifest.xml:5:5-67
17-->src\main\AndroidManifest.xml:5:22-65
18    <uses-permission android:name="android.permission.BLUETOOTH_ADMIN" />
18-->src\main\AndroidManifest.xml:6:5-73
18-->src\main\AndroidManifest.xml:6:22-71
19    <uses-permission android:name="android.permission.BLUETOOTH_CONNECT" />
19-->src\main\AndroidManifest.xml:7:5-75
19-->src\main\AndroidManifest.xml:7:22-73
20
21    <queries>
21-->src\main\AndroidManifest.xml:8:5-12:15
22        <intent>
22-->src\main\AndroidManifest.xml:9:9-11:18
23            <action android:name="android.speech.RecognitionService" />
23-->src\main\AndroidManifest.xml:10:13-72
23-->src\main\AndroidManifest.xml:10:21-69
24        </intent>
25        <intent>
25-->[:file_picker] AndroidManifest.xml:14:9-18:18
26            <action android:name="android.intent.action.GET_CONTENT" />
26-->[:file_picker] AndroidManifest.xml:15:13-72
26-->[:file_picker] AndroidManifest.xml:15:21-69
27
28            <data android:mimeType="*/*" />
28-->[:file_picker] AndroidManifest.xml:17:13-44
28-->[:file_picker] AndroidManifest.xml:17:19-41
29        </intent>
30        <intent>
30-->[com.razorpay:checkout:1.6.36] AndroidManifest.xml:11:9-17:18
31            <action android:name="android.intent.action.VIEW" />
31-->[com.razorpay:checkout:1.6.36] AndroidManifest.xml:12:13-65
31-->[com.razorpay:checkout:1.6.36] AndroidManifest.xml:12:21-62
32
33            <data
33-->[:file_picker] AndroidManifest.xml:17:13-44
34                android:mimeType="*/*"
34-->[:file_picker] AndroidManifest.xml:17:19-41
35                android:scheme="*" />
36        </intent>
37        <intent>
37-->[com.razorpay:checkout:1.6.36] AndroidManifest.xml:18:9-27:18
38            <action android:name="android.intent.action.VIEW" />
38-->[com.razorpay:checkout:1.6.36] AndroidManifest.xml:12:13-65
38-->[com.razorpay:checkout:1.6.36] AndroidManifest.xml:12:21-62
39
40            <category android:name="android.intent.category.BROWSABLE" />
40-->[com.razorpay:checkout:1.6.36] AndroidManifest.xml:21:13-74
40-->[com.razorpay:checkout:1.6.36] AndroidManifest.xml:21:23-71
41
42            <data
42-->[:file_picker] AndroidManifest.xml:17:13-44
43                android:host="pay"
44                android:mimeType="*/*"
44-->[:file_picker] AndroidManifest.xml:17:19-41
45                android:scheme="upi" />
46        </intent>
47        <intent>
47-->[com.razorpay:checkout:1.6.36] AndroidManifest.xml:28:9-30:18
48            <action android:name="android.intent.action.MAIN" />
48-->[com.razorpay:checkout:1.6.36] AndroidManifest.xml:29:13-65
48-->[com.razorpay:checkout:1.6.36] AndroidManifest.xml:29:21-62
49        </intent>
50        <intent>
50-->[com.razorpay:checkout:1.6.36] AndroidManifest.xml:31:9-35:18
51            <action android:name="android.intent.action.SEND" />
51-->[com.razorpay:checkout:1.6.36] AndroidManifest.xml:32:13-65
51-->[com.razorpay:checkout:1.6.36] AndroidManifest.xml:32:21-62
52
53            <data android:mimeType="*/*" />
53-->[:file_picker] AndroidManifest.xml:17:13-44
53-->[:file_picker] AndroidManifest.xml:17:19-41
54        </intent>
55        <intent>
55-->[com.razorpay:checkout:1.6.36] AndroidManifest.xml:36:9-38:18
56            <action android:name="rzp.device_token.share" />
56-->[com.razorpay:checkout:1.6.36] AndroidManifest.xml:37:13-61
56-->[com.razorpay:checkout:1.6.36] AndroidManifest.xml:37:21-58
57        </intent> <!-- Needs to be explicitly declared on Android R+ -->
58        <package android:name="com.google.android.apps.maps" />
58-->[com.google.android.gms:play-services-maps:18.0.2] AndroidManifest.xml:33:9-64
58-->[com.google.android.gms:play-services-maps:18.0.2] AndroidManifest.xml:33:18-61
59    </queries>
60
61    <uses-permission
61-->[:file_picker] AndroidManifest.xml:9:5-11:38
62        android:name="android.permission.READ_EXTERNAL_STORAGE"
62-->[:file_picker] AndroidManifest.xml:10:9-64
63        android:maxSdkVersion="32" />
63-->[:file_picker] AndroidManifest.xml:11:9-35
64    <uses-permission android:name="android.permission.ACCESS_NETWORK_STATE" />
64-->[com.google.firebase:firebase-auth:22.3.0] AndroidManifest.xml:26:5-79
64-->[com.google.firebase:firebase-auth:22.3.0] AndroidManifest.xml:26:22-76
65
66    <uses-feature
66-->[com.google.android.gms:play-services-maps:18.0.2] AndroidManifest.xml:26:5-28:35
67        android:glEsVersion="0x00020000"
67-->[com.google.android.gms:play-services-maps:18.0.2] AndroidManifest.xml:27:9-41
68        android:required="true" />
68-->[com.google.android.gms:play-services-maps:18.0.2] AndroidManifest.xml:28:9-32
69
70    <permission
70-->[androidx.core:core:1.10.1] AndroidManifest.xml:22:5-24:47
71        android:name="com.example.ecommerce_major_project.DYNAMIC_RECEIVER_NOT_EXPORTED_PERMISSION"
71-->[androidx.core:core:1.10.1] AndroidManifest.xml:23:9-81
72        android:protectionLevel="signature" />
72-->[androidx.core:core:1.10.1] AndroidManifest.xml:24:9-44
73
74    <uses-permission android:name="com.example.ecommerce_major_project.DYNAMIC_RECEIVER_NOT_EXPORTED_PERMISSION" />
74-->[androidx.core:core:1.10.1] AndroidManifest.xml:26:5-97
74-->[androidx.core:core:1.10.1] AndroidManifest.xml:26:22-94
75
76    <application
77        android:name="android.app.Application"
78        android:appComponentFactory="androidx.core.app.CoreComponentFactory"
78-->[androidx.core:core:1.10.1] AndroidManifest.xml:28:18-86
79        android:debuggable="true"
80        android:icon="@mipmap/launcher_icon"
81        android:label="eSHOP" >
82        <activity
83            android:name="com.example.ecommerce_major_project.MainActivity"
84            android:configChanges="orientation|keyboardHidden|keyboard|screenSize|smallestScreenSize|locale|layoutDirection|fontScale|screenLayout|density|uiMode"
85            android:exported="true"
86            android:hardwareAccelerated="true"
87            android:launchMode="singleTop"
88            android:theme="@style/LaunchTheme"
89            android:windowSoftInputMode="adjustResize" >
90
91            <!--
92                 Specifies an Android theme to apply to this Activity as soon as
93                 the Android process has started. This theme is visible to the user
94                 while the Flutter UI initializes. After that, this theme continues
95                 to determine the Window background behind the Flutter UI.
96            -->
97            <meta-data
98                android:name="io.flutter.embedding.android.NormalTheme"
99                android:resource="@style/NormalTheme" />
100
101            <intent-filter>
102                <action android:name="android.intent.action.MAIN" />
102-->[com.razorpay:checkout:1.6.36] AndroidManifest.xml:29:13-65
102-->[com.razorpay:checkout:1.6.36] AndroidManifest.xml:29:21-62
103
104                <category android:name="android.intent.category.LAUNCHER" />
105            </intent-filter>
106        </activity>
107        <!--
108             Don't delete the meta-data below.
109             This is used by the Flutter tool to generate GeneratedPluginRegistrant.java
110        -->
111        <meta-data
112            android:name="flutterEmbedding"
113            android:value="2" />
114
115        <service
115-->[:cloud_firestore] AndroidManifest.xml:10:9-14:19
116            android:name="com.google.firebase.components.ComponentDiscoveryService"
116-->[:cloud_firestore] AndroidManifest.xml:10:18-89
117            android:directBootAware="true"
117-->[com.google.firebase:firebase-common:20.4.2] AndroidManifest.xml:32:13-43
118            android:exported="false" >
118-->[com.google.firebase:firebase-auth:22.3.0] AndroidManifest.xml:68:13-37
119            <meta-data
119-->[:cloud_firestore] AndroidManifest.xml:11:13-13:85
120                android:name="com.google.firebase.components:io.flutter.plugins.firebase.firestore.FlutterFirebaseFirestoreRegistrar"
120-->[:cloud_firestore] AndroidManifest.xml:12:17-134
121                android:value="com.google.firebase.components.ComponentRegistrar" />
121-->[:cloud_firestore] AndroidManifest.xml:13:17-82
122            <meta-data
122-->[:firebase_auth] AndroidManifest.xml:11:13-13:85
123                android:name="com.google.firebase.components:io.flutter.plugins.firebase.auth.FlutterFirebaseAuthRegistrar"
123-->[:firebase_auth] AndroidManifest.xml:12:17-124
124                android:value="com.google.firebase.components.ComponentRegistrar" />
124-->[:firebase_auth] AndroidManifest.xml:13:17-82
125            <meta-data
125-->[:firebase_core] AndroidManifest.xml:11:13-13:85
126                android:name="com.google.firebase.components:io.flutter.plugins.firebase.core.FlutterFirebaseCoreRegistrar"
126-->[:firebase_core] AndroidManifest.xml:12:17-124
127                android:value="com.google.firebase.components.ComponentRegistrar" />
127-->[:firebase_core] AndroidManifest.xml:13:17-82
128            <meta-data
128-->[com.google.firebase:firebase-auth:22.3.0] AndroidManifest.xml:69:13-71:85
129                android:name="com.google.firebase.components:com.google.firebase.auth.FirebaseAuthRegistrar"
129-->[com.google.firebase:firebase-auth:22.3.0] AndroidManifest.xml:70:17-109
130                android:value="com.google.firebase.components.ComponentRegistrar" />
130-->[com.google.firebase:firebase-auth:22.3.0] AndroidManifest.xml:71:17-82
131            <meta-data
131-->[com.google.firebase:firebase-firestore:24.9.1] AndroidManifest.xml:17:13-19:85
132                android:name="com.google.firebase.components:com.google.firebase.firestore.FirebaseFirestoreKtxRegistrar"
132-->[com.google.firebase:firebase-firestore:24.9.1] AndroidManifest.xml:18:17-122
133                android:value="com.google.firebase.components.ComponentRegistrar" />
133-->[com.google.firebase:firebase-firestore:24.9.1] AndroidManifest.xml:19:17-82
134            <meta-data
134-->[com.google.firebase:firebase-firestore:24.9.1] AndroidManifest.xml:20:13-22:85
135                android:name="com.google.firebase.components:com.google.firebase.firestore.FirestoreRegistrar"
135-->[com.google.firebase:firebase-firestore:24.9.1] AndroidManifest.xml:21:17-111
136                android:value="com.google.firebase.components.ComponentRegistrar" />
136-->[com.google.firebase:firebase-firestore:24.9.1] AndroidManifest.xml:22:17-82
137            <meta-data
137-->[com.google.firebase:firebase-common-ktx:20.4.2] AndroidManifest.xml:12:13-14:85
138                android:name="com.google.firebase.components:com.google.firebase.ktx.FirebaseCommonLegacyRegistrar"
138-->[com.google.firebase:firebase-common-ktx:20.4.2] AndroidManifest.xml:13:17-116
139                android:value="com.google.firebase.components.ComponentRegistrar" />
139-->[com.google.firebase:firebase-common-ktx:20.4.2] AndroidManifest.xml:14:17-82
140            <meta-data
140-->[com.google.firebase:firebase-common:20.4.2] AndroidManifest.xml:35:13-37:85
141                android:name="com.google.firebase.components:com.google.firebase.FirebaseCommonKtxRegistrar"
141-->[com.google.firebase:firebase-common:20.4.2] AndroidManifest.xml:36:17-109
142                android:value="com.google.firebase.components.ComponentRegistrar" />
142-->[com.google.firebase:firebase-common:20.4.2] AndroidManifest.xml:37:17-82
143        </service>
144
145        <provider
145-->[:image_picker_android] AndroidManifest.xml:10:9-18:20
146            android:name="io.flutter.plugins.imagepicker.ImagePickerFileProvider"
146-->[:image_picker_android] AndroidManifest.xml:11:13-82
147            android:authorities="com.example.ecommerce_major_project.flutter.image_provider"
147-->[:image_picker_android] AndroidManifest.xml:12:13-74
148            android:exported="false"
148-->[:image_picker_android] AndroidManifest.xml:13:13-37
149            android:grantUriPermissions="true" >
149-->[:image_picker_android] AndroidManifest.xml:14:13-47
150            <meta-data
150-->[:image_picker_android] AndroidManifest.xml:15:13-17:75
151                android:name="android.support.FILE_PROVIDER_PATHS"
151-->[:image_picker_android] AndroidManifest.xml:16:17-67
152                android:resource="@xml/flutter_image_picker_file_paths" />
152-->[:image_picker_android] AndroidManifest.xml:17:17-72
153        </provider>
154
155        <meta-data
155-->[:pay_android] AndroidManifest.xml:14:9-16:36
156            android:name="com.google.android.gms.wallet.api.enabled"
156-->[:pay_android] AndroidManifest.xml:15:13-69
157            android:value="true" />
157-->[:pay_android] AndroidManifest.xml:16:13-33
158
159        <receiver
159-->[com.razorpay:checkout:1.6.36] AndroidManifest.xml:42:9-49:20
160            android:name="com.razorpay.RzpTokenReceiver"
160-->[com.razorpay:checkout:1.6.36] AndroidManifest.xml:43:13-57
161            android:exported="true" >
161-->[com.razorpay:checkout:1.6.36] AndroidManifest.xml:44:13-36
162            <intent-filter>
162-->[com.razorpay:checkout:1.6.36] AndroidManifest.xml:46:13-48:29
163                <action android:name="rzp.device_token.share" />
163-->[com.razorpay:checkout:1.6.36] AndroidManifest.xml:37:13-61
163-->[com.razorpay:checkout:1.6.36] AndroidManifest.xml:37:21-58
164            </intent-filter>
165        </receiver>
166
167        <activity
167-->[com.razorpay:checkout:1.6.36] AndroidManifest.xml:51:9-59:20
168            android:name="com.razorpay.CheckoutActivity"
168-->[com.razorpay:checkout:1.6.36] AndroidManifest.xml:52:13-57
169            android:configChanges="keyboard|keyboardHidden|orientation|screenSize"
169-->[com.razorpay:checkout:1.6.36] AndroidManifest.xml:53:13-83
170            android:exported="false"
170-->[com.razorpay:checkout:1.6.36] AndroidManifest.xml:54:13-37
171            android:theme="@style/CheckoutTheme" >
171-->[com.razorpay:checkout:1.6.36] AndroidManifest.xml:55:13-49
172            <intent-filter>
172-->[com.razorpay:checkout:1.6.36] AndroidManifest.xml:56:13-58:29
173                <action android:name="android.intent.action.MAIN" />
173-->[com.razorpay:checkout:1.6.36] AndroidManifest.xml:29:13-65
173-->[com.razorpay:checkout:1.6.36] AndroidManifest.xml:29:21-62
174            </intent-filter>
175        </activity>
176
177        <meta-data
177-->[com.razorpay:checkout:1.6.36] AndroidManifest.xml:61:9-63:58
178            android:name="com.razorpay.plugin.googlepay_all"
178-->[com.razorpay:checkout:1.6.36] AndroidManifest.xml:62:13-61
179            android:value="com.razorpay.RzpGpayMerged" />
179-->[com.razorpay:checkout:1.6.36] AndroidManifest.xml:63:13-55
180
181        <activity
181-->[com.google.firebase:firebase-auth:22.3.0] AndroidManifest.xml:29:9-46:20
182            android:name="com.google.firebase.auth.internal.GenericIdpActivity"
182-->[com.google.firebase:firebase-auth:22.3.0] AndroidManifest.xml:30:13-80
183            android:excludeFromRecents="true"
183-->[com.google.firebase:firebase-auth:22.3.0] AndroidManifest.xml:31:13-46
184            android:exported="true"
184-->[com.google.firebase:firebase-auth:22.3.0] AndroidManifest.xml:32:13-36
185            android:launchMode="singleTask"
185-->[com.google.firebase:firebase-auth:22.3.0] AndroidManifest.xml:33:13-44
186            android:theme="@android:style/Theme.Translucent.NoTitleBar" >
186-->[com.google.firebase:firebase-auth:22.3.0] AndroidManifest.xml:34:13-72
187            <intent-filter>
187-->[com.google.firebase:firebase-auth:22.3.0] AndroidManifest.xml:35:13-45:29
188                <action android:name="android.intent.action.VIEW" />
188-->[com.razorpay:checkout:1.6.36] AndroidManifest.xml:12:13-65
188-->[com.razorpay:checkout:1.6.36] AndroidManifest.xml:12:21-62
189
190                <category android:name="android.intent.category.DEFAULT" />
190-->[com.google.firebase:firebase-auth:22.3.0] AndroidManifest.xml:38:17-76
190-->[com.google.firebase:firebase-auth:22.3.0] AndroidManifest.xml:38:27-73
191                <category android:name="android.intent.category.BROWSABLE" />
191-->[com.razorpay:checkout:1.6.36] AndroidManifest.xml:21:13-74
191-->[com.razorpay:checkout:1.6.36] AndroidManifest.xml:21:23-71
192
193                <data
193-->[:file_picker] AndroidManifest.xml:17:13-44
194                    android:host="firebase.auth"
195                    android:path="/"
196                    android:scheme="genericidp" />
197            </intent-filter>
198        </activity>
199        <activity
199-->[com.google.firebase:firebase-auth:22.3.0] AndroidManifest.xml:47:9-64:20
200            android:name="com.google.firebase.auth.internal.RecaptchaActivity"
200-->[com.google.firebase:firebase-auth:22.3.0] AndroidManifest.xml:48:13-79
201            android:excludeFromRecents="true"
201-->[com.google.firebase:firebase-auth:22.3.0] AndroidManifest.xml:49:13-46
202            android:exported="true"
202-->[com.google.firebase:firebase-auth:22.3.0] AndroidManifest.xml:50:13-36
203            android:launchMode="singleTask"
203-->[com.google.firebase:firebase-auth:22.3.0] AndroidManifest.xml:51:13-44
204            android:theme="@android:style/Theme.Translucent.NoTitleBar" >
204-->[com.google.firebase:firebase-auth:22.3.0] AndroidManifest.xml:52:13-72
205            <intent-filter>
205-->[com.google.firebase:firebase-auth:22.3.0] AndroidManifest.xml:53:13-63:29
206                <action android:name="android.intent.action.VIEW" />
206-->[com.razorpay:checkout:1.6.36] AndroidManifest.xml:12:13-65
206-->[com.razorpay:checkout:1.6.36] AndroidManifest.xml:12:21-62
207
208                <category android:name="android.intent.category.DEFAULT" />
208-->[com.google.firebase:firebase-auth:22.3.0] AndroidManifest.xml:38:17-76
208-->[com.google.firebase:firebase-auth:22.3.0] AndroidManifest.xml:38:27-73
209                <category android:name="android.intent.category.BROWSABLE" />
209-->[com.razorpay:checkout:1.6.36] AndroidManifest.xml:21:13-74
209-->[com.razorpay:checkout:1.6.36] AndroidManifest.xml:21:23-71
210
211                <data
211-->[:file_picker] AndroidManifest.xml:17:13-44
212                    android:host="firebase.auth"
213                    android:path="/"
214                    android:scheme="recaptcha" />
215            </intent-filter>
216        </activity>
217
218        <provider
218-->[com.google.firebase:firebase-common:20.4.2] AndroidManifest.xml:23:9-28:39
219            android:name="com.google.firebase.provider.FirebaseInitProvider"
219-->[com.google.firebase:firebase-common:20.4.2] AndroidManifest.xml:24:13-77
220            android:authorities="com.example.ecommerce_major_project.firebaseinitprovider"
220-->[com.google.firebase:firebase-common:20.4.2] AndroidManifest.xml:25:13-72
221            android:directBootAware="true"
221-->[com.google.firebase:firebase-common:20.4.2] AndroidManifest.xml:26:13-43
222            android:exported="false"
222-->[com.google.firebase:firebase-common:20.4.2] AndroidManifest.xml:27:13-37
223            android:initOrder="100" /> <!-- Needs to be explicitly declared on P+ -->
223-->[com.google.firebase:firebase-common:20.4.2] AndroidManifest.xml:28:13-36
224        <uses-library
224-->[com.google.android.gms:play-services-maps:18.0.2] AndroidManifest.xml:39:9-41:40
225            android:name="org.apache.http.legacy"
225-->[com.google.android.gms:play-services-maps:18.0.2] AndroidManifest.xml:40:13-50
226            android:required="false" />
226-->[com.google.android.gms:play-services-maps:18.0.2] AndroidManifest.xml:41:13-37
227
228        <activity
228-->[com.google.android.gms:play-services-auth:17.0.0] AndroidManifest.xml:23:9-27:75
229            android:name="com.google.android.gms.auth.api.signin.internal.SignInHubActivity"
229-->[com.google.android.gms:play-services-auth:17.0.0] AndroidManifest.xml:24:13-93
230            android:excludeFromRecents="true"
230-->[com.google.android.gms:play-services-auth:17.0.0] AndroidManifest.xml:25:13-46
231            android:exported="false"
231-->[com.google.android.gms:play-services-auth:17.0.0] AndroidManifest.xml:26:13-37
232            android:theme="@android:style/Theme.Translucent.NoTitleBar" />
232-->[com.google.android.gms:play-services-auth:17.0.0] AndroidManifest.xml:27:13-72
233        <!--
234            Service handling Google Sign-In user revocation. For apps that do not integrate with
235            Google Sign-In, this service will never be started.
236        -->
237        <service
237-->[com.google.android.gms:play-services-auth:17.0.0] AndroidManifest.xml:33:9-36:110
238            android:name="com.google.android.gms.auth.api.signin.RevocationBoundService"
238-->[com.google.android.gms:play-services-auth:17.0.0] AndroidManifest.xml:34:13-89
239            android:exported="true"
239-->[com.google.android.gms:play-services-auth:17.0.0] AndroidManifest.xml:35:13-36
240            android:permission="com.google.android.gms.auth.api.signin.permission.REVOCATION_NOTIFICATION" />
240-->[com.google.android.gms:play-services-auth:17.0.0] AndroidManifest.xml:36:13-107
241
242        <activity
242-->[com.google.android.gms:play-services-base:18.0.1] AndroidManifest.xml:20:9-22:45
243            android:name="com.google.android.gms.common.api.GoogleApiActivity"
243-->[com.google.android.gms:play-services-base:18.0.1] AndroidManifest.xml:20:19-85
244            android:exported="false"
244-->[com.google.android.gms:play-services-base:18.0.1] AndroidManifest.xml:22:19-43
245            android:theme="@android:style/Theme.Translucent.NoTitleBar" />
245-->[com.google.android.gms:play-services-base:18.0.1] AndroidManifest.xml:21:19-78
246
247        <meta-data
247-->[com.google.android.gms:play-services-basement:18.1.0] AndroidManifest.xml:21:9-23:69
248            android:name="com.google.android.gms.version"
248-->[com.google.android.gms:play-services-basement:18.1.0] AndroidManifest.xml:22:13-58
249            android:value="@integer/google_play_services_version" />
249-->[com.google.android.gms:play-services-basement:18.1.0] AndroidManifest.xml:23:13-66
250
251        <uses-library
251-->[androidx.window:window:1.0.0-beta04] AndroidManifest.xml:25:9-27:40
252            android:name="androidx.window.extensions"
252-->[androidx.window:window:1.0.0-beta04] AndroidManifest.xml:26:13-54
253            android:required="false" />
253-->[androidx.window:window:1.0.0-beta04] AndroidManifest.xml:27:13-37
254        <uses-library
254-->[androidx.window:window:1.0.0-beta04] AndroidManifest.xml:28:9-30:40
255            android:name="androidx.window.sidecar"
255-->[androidx.window:window:1.0.0-beta04] AndroidManifest.xml:29:13-51
256            android:required="false" />
256-->[androidx.window:window:1.0.0-beta04] AndroidManifest.xml:30:13-37
257
258        <provider
258-->[androidx.profileinstaller:profileinstaller:1.3.0] AndroidManifest.xml:24:9-32:20
259            android:name="androidx.startup.InitializationProvider"
259-->[androidx.profileinstaller:profileinstaller:1.3.0] AndroidManifest.xml:25:13-67
260            android:authorities="com.example.ecommerce_major_project.androidx-startup"
260-->[androidx.profileinstaller:profileinstaller:1.3.0] AndroidManifest.xml:26:13-68
261            android:exported="false" >
261-->[androidx.profileinstaller:profileinstaller:1.3.0] AndroidManifest.xml:27:13-37
262            <meta-data
262-->[androidx.profileinstaller:profileinstaller:1.3.0] AndroidManifest.xml:29:13-31:52
263                android:name="androidx.profileinstaller.ProfileInstallerInitializer"
263-->[androidx.profileinstaller:profileinstaller:1.3.0] AndroidManifest.xml:30:17-85
264                android:value="androidx.startup" />
264-->[androidx.profileinstaller:profileinstaller:1.3.0] AndroidManifest.xml:31:17-49
265        </provider>
266
267        <receiver
267-->[androidx.profileinstaller:profileinstaller:1.3.0] AndroidManifest.xml:34:9-52:20
268            android:name="androidx.profileinstaller.ProfileInstallReceiver"
268-->[androidx.profileinstaller:profileinstaller:1.3.0] AndroidManifest.xml:35:13-76
269            android:directBootAware="false"
269-->[androidx.profileinstaller:profileinstaller:1.3.0] AndroidManifest.xml:36:13-44
270            android:enabled="true"
270-->[androidx.profileinstaller:profileinstaller:1.3.0] AndroidManifest.xml:37:13-35
271            android:exported="true"
271-->[androidx.profileinstaller:profileinstaller:1.3.0] AndroidManifest.xml:38:13-36
272            android:permission="android.permission.DUMP" >
272-->[androidx.profileinstaller:profileinstaller:1.3.0] AndroidManifest.xml:39:13-57
273            <intent-filter>
273-->[androidx.profileinstaller:profileinstaller:1.3.0] AndroidManifest.xml:40:13-42:29
274                <action android:name="androidx.profileinstaller.action.INSTALL_PROFILE" />
274-->[androidx.profileinstaller:profileinstaller:1.3.0] AndroidManifest.xml:41:17-91
274-->[androidx.profileinstaller:profileinstaller:1.3.0] AndroidManifest.xml:41:25-88
275            </intent-filter>
276            <intent-filter>
276-->[androidx.profileinstaller:profileinstaller:1.3.0] AndroidManifest.xml:43:13-45:29
277                <action android:name="androidx.profileinstaller.action.SKIP_FILE" />
277-->[androidx.profileinstaller:profileinstaller:1.3.0] AndroidManifest.xml:44:17-85
277-->[androidx.profileinstaller:profileinstaller:1.3.0] AndroidManifest.xml:44:25-82
278            </intent-filter>
279            <intent-filter>
279-->[androidx.profileinstaller:profileinstaller:1.3.0] AndroidManifest.xml:46:13-48:29
280                <action android:name="androidx.profileinstaller.action.SAVE_PROFILE" />
280-->[androidx.profileinstaller:profileinstaller:1.3.0] AndroidManifest.xml:47:17-88
280-->[androidx.profileinstaller:profileinstaller:1.3.0] AndroidManifest.xml:47:25-85
281            </intent-filter>
282            <intent-filter>
282-->[androidx.profileinstaller:profileinstaller:1.3.0] AndroidManifest.xml:49:13-51:29
283                <action android:name="androidx.profileinstaller.action.BENCHMARK_OPERATION" />
283-->[androidx.profileinstaller:profileinstaller:1.3.0] AndroidManifest.xml:50:17-95
283-->[androidx.profileinstaller:profileinstaller:1.3.0] AndroidManifest.xml:50:25-92
284            </intent-filter>
285        </receiver>
286    </application>
287
288</manifest>